[Sat, 18 Apr 2020 19:19:03 GMT] GET localhost /alluser/5e9a14eb330dca06e46062ad - - - - ms
[Sat, 18 Apr 2020 19:23:10 GMT] GET localhost /alluser/5e9a14eb330dca06e46062ad 200 516 - 106876.107 ms
[Sat, 18 Apr 2020 19:36:35 GMT] GET localhost /alluser/5e9a14eb330dca06e46062ad 200 10 - 30120.953 ms
[Sat, 18 Apr 2020 19:42:12 GMT] POST localhost /signup 200 24 - 27798.004 ms
[Sat, 18 Apr 2020 19:50:54 GMT] POST localhost /login 200 201 - 20029.190 ms
[Sat, 18 Apr 2020 23:04:07 GMT] GET localhost / 404 139 - 46.510 ms
[Sat, 18 Apr 2020 23:04:08 GMT] GET localhost /favicon.ico 404 150 - 6.485 ms
[Sat, 18 Apr 2020 23:12:40 GMT] GET localhost / 404 139 - 24.954 ms
[Sat, 18 Apr 2020 23:12:48 GMT] GET localhost / 404 139 - 9.797 ms
[Sat, 18 Apr 2020 23:18:38 GMT] GET localhost /img/ 404 143 - 0.888 ms
[Sat, 18 Apr 2020 23:19:32 GMT] GET localhost /index.html 404 149 - 0.666 ms
[Sun, 19 Apr 2020 05:08:23 GMT] GET localhost / 404 139 - 35.040 ms
[Sun, 19 Apr 2020 05:08:23 GMT] GET localhost /favicon.ico 404 150 - 3.260 ms
[Sun, 19 Apr 2020 05:12:29 GMT] GET localhost /favicon.ico 404 150 - 17.373 ms
[Sun, 19 Apr 2020 05:12:38 GMT] GET localhost / 200 8 - 61.252 ms
[Sun, 19 Apr 2020 05:15:22 GMT] GET localhost /public 404 145 - 7.497 ms
[Sun, 19 Apr 2020 05:16:17 GMT] GET localhost /public/index.html 404 156 - 1.037 ms
[Sun, 19 Apr 2020 05:18:34 GMT] GET localhost /public 404 145 - 13.770 ms
[Sun, 19 Apr 2020 05:18:47 GMT] GET localhost / 200 7 - 22.548 ms
[Sun, 19 Apr 2020 05:19:23 GMT] GET localhost /public/ecx.html 404 154 - 7.309 ms
[Sun, 19 Apr 2020 05:19:56 GMT] GET localhost /public/ecx.css 404 153 - 0.895 ms
[Sun, 19 Apr 2020 05:21:23 GMT] GET localhost / 500 2180 - 68.338 ms
[Sun, 19 Apr 2020 05:24:49 GMT] GET localhost / 500 2180 - 54.121 ms
[Sun, 19 Apr 2020 05:26:02 GMT] GET localhost / 200 8 - 42.032 ms
[Sun, 19 Apr 2020 05:26:20 GMT] GET localhost /public 404 145 - 45.026 ms
[Sun, 19 Apr 2020 05:27:58 GMT] GET localhost / 304 - - 47.203 ms
[Sun, 19 Apr 2020 05:31:53 GMT] GET localhost / 304 - - 5.653 ms
[Sun, 19 Apr 2020 05:33:15 GMT] GET localhost / 304 - - 2.768 ms
[Sun, 19 Apr 2020 05:33:27 GMT] GET localhost / 200 - - 14.515 ms
[Sun, 19 Apr 2020 05:33:28 GMT] GET localhost /favicon.ico 404 150 - 42.096 ms
[Sun, 19 Apr 2020 05:40:26 GMT] GET localhost / 404 238 - 62.412 ms
[Sun, 19 Apr 2020 05:41:30 GMT] GET localhost / 200 524 - 2532.740 ms
[Sun, 19 Apr 2020 05:41:31 GMT] GET localhost /ecx.js 404 145 - 40.043 ms
[Sun, 19 Apr 2020 05:41:31 GMT] GET localhost /ecx.css 200 487 - 89.941 ms
[Sun, 19 Apr 2020 05:41:31 GMT] GET localhost /img/bubble-bg.png 200 74840 - 24.432 ms
[Sun, 19 Apr 2020 05:44:56 GMT] GET localhost / 404 195 - 90.409 ms
[Sun, 19 Apr 2020 05:51:45 GMT] GET localhost / 200 9 - 31.178 ms
[Sun, 19 Apr 2020 06:13:36 GMT] GET localhost / 304 - - 18.032 ms
[Sun, 19 Apr 2020 06:16:38 GMT] GET localhost /alluser/5e9a14eb330dca06e46062ad - - - - ms
[Sun, 19 Apr 2020 06:20:59 GMT] GET localhost / 200 524 - 80.825 ms
[Sun, 19 Apr 2020 06:20:59 GMT] GET localhost /ecx.js 404 145 - 42.909 ms
[Sun, 19 Apr 2020 06:20:59 GMT] GET localhost /ecx.css 200 487 - 16.321 ms
[Sun, 19 Apr 2020 06:21:01 GMT] GET localhost /img/bubble-bg.png 304 - - 1386.503 ms
[Mon, 20 Apr 2020 12:27:23 GMT] GET localhost / 200 662 - 109.585 ms
[Mon, 20 Apr 2020 12:27:24 GMT] GET localhost /ecx.js 404 145 - 37.036 ms
[Mon, 20 Apr 2020 12:27:24 GMT] GET localhost /ecx.css 200 754 - 76.906 ms
[Mon, 20 Apr 2020 12:27:24 GMT] GET localhost /small.css 200 132 - 65.848 ms
[Mon, 20 Apr 2020 12:27:24 GMT] GET localhost /img/bubble-bg.png 200 14717 - 12.391 ms
[Mon, 20 Apr 2020 12:31:59 GMT] POST localhost /signup - - - - ms
[Tue, 21 Apr 2020 00:31:39 GMT] POST localhost /signup 200 24 - 15368.054 ms
[Tue, 21 Apr 2020 00:38:11 GMT] POST localhost /login 200 202 - 16169.431 ms
[Tue, 21 Apr 2020 00:39:43 GMT] GET localhost /getuser/5e9a14eb330dca06e46062ad 200 17 - 7077.405 ms
[Tue, 21 Apr 2020 00:42:05 GMT] GET localhost /getuser/%205e9e3ee524a4521b78058af9 200 17 - 2504.723 ms
[Tue, 21 Apr 2020 00:43:13 GMT] GET localhost /getuser/5e9e3ee524a4521b78058af9 200 168 - 4443.766 ms
[Tue, 21 Apr 2020 00:48:37 GMT] POST localhost /login 200 235 - 6005.697 ms
[Tue, 21 Apr 2020 00:49:43 GMT] GET localhost /logs 200 4202 - 10478.457 ms
[Tue, 21 Apr 2020 00:52:16 GMT] GET localhost /5e9e3ee524a4521b78058af9 404 163 - 3478.861 ms
[Tue, 21 Apr 2020 00:52:48 GMT] GET localhost /allusers/5e9e3ee524a4521b78058af9 404 172 - 16.536 ms
[Tue, 21 Apr 2020 00:53:51 GMT] GET localhost /alluser/5e9e3ee524a4521b78058af9 200 512 - 5157.573 ms
[Tue, 21 Apr 2020 03:27:05 GMT] GET localhost / 404 139 - 79.062 ms
[Tue, 21 Apr 2020 03:27:06 GMT] GET localhost /favicon.ico 404 150 - 8.051 ms
[Tue, 21 Apr 2020 03:28:35 GMT] GET localhost / 200 662 - 4263.622 ms
[Tue, 21 Apr 2020 03:28:35 GMT] GET localhost /ecx.js 404 145 - 30.741 ms
[Tue, 21 Apr 2020 03:28:35 GMT] GET localhost /small.css 200 132 - 111.130 ms
[Tue, 21 Apr 2020 03:28:35 GMT] GET localhost /ecx.css 200 754 - 68.682 ms
[Tue, 21 Apr 2020 03:28:35 GMT] GET localhost /img/bubble-bg.png 200 14717 - 38.617 ms
[Tue, 21 Apr 2020 13:38:14 GMT] POST localhost /signup 404 146 - 22.062 ms
[Tue, 21 Apr 2020 13:40:04 GMT] GET localhost / 304 - - 111.499 ms
[Tue, 21 Apr 2020 13:40:05 GMT] GET localhost /ecx.js 404 145 - 93.669 ms
[Tue, 21 Apr 2020 13:40:05 GMT] GET localhost /small.css 200 132 - 142.415 ms
[Tue, 21 Apr 2020 13:40:05 GMT] GET localhost /ecx.css 200 754 - 179.443 ms
[Tue, 21 Apr 2020 13:40:05 GMT] GET localhost /favicon.ico 404 150 - 6.411 ms
[Tue, 21 Apr 2020 13:40:05 GMT] GET localhost /img/bubble-bg.png 200 14717 - 62.586 ms
[Tue, 21 Apr 2020 13:55:51 GMT] POST localhost /signup 404 146 - 30.361 ms
[Tue, 21 Apr 2020 13:59:22 GMT] GET localhost /logs 200 5715 - 6463.459 ms
[Tue, 21 Apr 2020 14:03:17 GMT] POST localhost /signup 404 146 - 1.821 ms
[Tue, 21 Apr 2020 14:06:27 GMT] POST localhost /signup 404 146 - 16.663 ms
[Tue, 21 Apr 2020 14:11:30 GMT] POST localhost /signup 200 24 - 7382.308 ms
[Tue, 21 Apr 2020 14:13:09 GMT] GET localhost / 200 662 - 47865.177 ms
[Tue, 21 Apr 2020 14:13:12 GMT] GET localhost /ecx.js 200 662 - 20.042 ms
[Tue, 21 Apr 2020 14:13:12 GMT] GET localhost /ecx.css 200 754 - 16.209 ms
[Tue, 21 Apr 2020 14:13:12 GMT] GET localhost /small.css 200 132 - 18.347 ms
[Tue, 21 Apr 2020 14:13:23 GMT] GET localhost /img/bubble-bg.png 200 14717 - 9.316 ms
[Tue, 21 Apr 2020 14:13:27 GMT] GET localhost /favicon.ico - - - - ms
[Tue, 21 Apr 2020 14:13:41 GMT] GET localhost /signup 200 662 - 10.985 ms
[Tue, 21 Apr 2020 14:13:41 GMT] GET localhost /ecx.js 304 - - 28.817 ms
[Tue, 21 Apr 2020 14:13:41 GMT] GET localhost /ecx.css 200 754 - 35.099 ms
[Tue, 21 Apr 2020 14:13:41 GMT] GET localhost /small.css 200 132 - 38.168 ms
[Tue, 21 Apr 2020 14:13:41 GMT] GET localhost /img/bubble-bg.png 200 14717 - 9.647 ms
[Tue, 21 Apr 2020 14:45:34 GMT] GET localhost /alluser/ 200 20 - 64.725 ms
[Tue, 21 Apr 2020 14:46:04 GMT] POST localhost /login 200 234 - 3528.030 ms
[Tue, 21 Apr 2020 14:49:52 GMT] GET localhost /getuser/5e9b580b437487190c7dc0a8 200 167 - 1018.237 ms
[Tue, 21 Apr 2020 14:51:17 GMT] POST localhost /login 200 234 - 1359.198 ms
[Tue, 21 Apr 2020 14:51:39 GMT] GET localhost /getuser/5e9b580b437487190c7dc0a8 200 167 - 266.851 ms
[Tue, 21 Apr 2020 14:52:46 GMT] GET localhost /alluser/ 500 2148 - 458.713 ms
[Tue, 21 Apr 2020 14:55:58 GMT] DELETE localhost /deleteuser/5e9a14eb330dca06e46062ad 200 44 - 488.290 ms
[Tue, 21 Apr 2020 14:56:59 GMT] PUT localhost /updateuser 200 17 - 281.054 ms
[Tue, 21 Apr 2020 14:58:40 GMT] PUT localhost /updateuser 200 37 - 1409.876 ms
[Tue, 21 Apr 2020 14:58:58 GMT] GET localhost /logs 200 7623 - 12.212 ms
[Tue, 21 Apr 2020 15:02:11 GMT] GET localhost /alluser/ 500 2148 - 8.749 ms
[Tue, 21 Apr 2020 15:03:00 GMT] GET localhost /alluser/ 200 764 - 3731.716 ms
[Tue, 21 Apr 2020 15:04:51 GMT] DELETE localhost /deleteuser/5e9e3ee524a4521b78058af9 200 44 - 601.544 ms
[Tue, 21 Apr 2020 15:05:01 GMT] GET localhost /alluser/ 200 512 - 272.490 ms
[Tue, 21 Apr 2020 21:44:58 GMT] POST localhost /signup - - - - ms
[Tue, 21 Apr 2020 21:51:42 GMT] POST localhost /signup - - - - ms
[Wed, 22 Apr 2020 00:57:32 GMT] POST localhost /signup 200 24 - 3191.132 ms
[Wed, 22 Apr 2020 01:02:08 GMT] POST localhost /login 200 234 - 2447.546 ms
[Wed, 22 Apr 2020 01:03:52 GMT] GET localhost /getuser/5e9f967b4109a71b3ca936bf 200 172 - 378.372 ms
[Wed, 22 Apr 2020 01:05:16 GMT] GET localhost /logs 200 8418 - 489.311 ms
[Wed, 22 Apr 2020 01:05:27 GMT] GET localhost /alluser/ 200 854 - 96.528 ms
[Wed, 22 Apr 2020 01:08:32 GMT] DELETE localhost /deleteuser/5e9dafe4d32d851ad4be7d08 200 44 - 113.786 ms
[Wed, 22 Apr 2020 01:08:45 GMT] GET localhost /alluser/ 200 581 - 27.185 ms
[Wed, 22 Apr 2020 01:09:35 GMT] PUT localhost /updateuser 200 40 - 28.035 ms
[Wed, 22 Apr 2020 01:14:04 GMT] POST localhost /save 200 18 - 6895.156 ms
[Wed, 22 Apr 2020 01:19:03 GMT] POST localhost /save - - - - ms
[Wed, 22 Apr 2020 01:27:27 GMT] POST localhost /save - - - - ms
[Wed, 22 Apr 2020 01:31:02 GMT] POST localhost /save - - - - ms
[Sat, 01 Jan 2011 00:15:30 GMT] GET localhost /alluser/ 200 584 - 286.796 ms
[Sat, 01 Jan 2011 00:19:36 GMT] GET localhost /logs 200 9170 - 87.533 ms
[Thu, 23 Apr 2020 19:23:54 GMT] POST localhost /save 200 20 - 7.812 ms
[Thu, 23 Apr 2020 19:24:33 GMT] POST localhost /login 200 234 - 560.725 ms
[Thu, 23 Apr 2020 19:27:27 GMT] POST localhost /save - - - - ms
[Thu, 23 Apr 2020 21:40:18 GMT] GET localhost /logs 200 9453 - 84.893 ms
[Thu, 23 Apr 2020 21:40:41 GMT] POST localhost /save 200 26 - 171.088 ms
[Thu, 23 Apr 2020 21:45:18 GMT] POST localhost /transferFunds 500 2145 - 350.917 ms
[Thu, 23 Apr 2020 21:48:51 GMT] POST localhost /transferFunds 500 2145 - 183.777 ms
[Thu, 23 Apr 2020 21:55:03 GMT] POST localhost /transferFunds 200 25 - 305.677 ms
[Thu, 23 Apr 2020 22:01:49 GMT] POST localhost /transferFunds 200 25 - 273.009 ms
[Thu, 23 Apr 2020 22:14:08 GMT] POST localhost /transferFunds - - - - ms
[Thu, 23 Apr 2020 22:17:31 GMT] POST localhost /transferFunds - - - - ms
[Thu, 23 Apr 2020 22:23:33 GMT] POST localhost /transferFunds - - - - ms
[Fri, 24 Apr 2020 13:15:04 GMT] POST localhost /signup 500 2183 - 30.961 ms
[Fri, 24 Apr 2020 13:16:39 GMT] POST localhost /signup 500 2202 - 3376.086 ms
[Fri, 24 Apr 2020 13:18:42 GMT] POST localhost /signup 500 2202 - 458.299 ms
[Fri, 24 Apr 2020 13:20:25 GMT] POST localhost /signup 500 2202 - 573.597 ms
[Fri, 24 Apr 2020 13:24:48 GMT] POST localhost /signup - - - - ms
[Fri, 24 Apr 2020 13:37:02 GMT] POST localhost /signup - - - - ms
[Fri, 24 Apr 2020 13:37:42 GMT] POST localhost /signup 500 2183 - 23.063 ms
[Fri, 24 Apr 2020 13:41:50 GMT] POST localhost /signup 200 24 - 508.406 ms
[Fri, 24 Apr 2020 14:22:38 GMT] POST localhost /signup 200 24 - 601.657 ms
[Fri, 24 Apr 2020 14:26:22 GMT] POST localhost /transferFunds - - - - ms
[Fri, 24 Apr 2020 14:35:41 GMT] POST localhost /transferFunds - - - - ms
[Fri, 24 Apr 2020 14:50:31 GMT] POST localhost /transferFunds - - - - ms
[Fri, 24 Apr 2020 14:53:02 GMT] POST localhost /transferFunds - - - - ms
[Fri, 24 Apr 2020 14:59:54 GMT] POST localhost /transferFunds - - - - ms
[Fri, 24 Apr 2020 21:05:27 GMT] POST localhost /transferFunds 200 20 - 32.443 ms
[Fri, 24 Apr 2020 21:06:19 GMT] POST localhost /login 200 238 - 6812.064 ms
[Fri, 24 Apr 2020 21:09:39 GMT] POST localhost /transferFunds - - - - ms
[Fri, 24 Apr 2020 21:15:30 GMT] GET localhost /alluser/ 200 20 - 4.309 ms
[Fri, 24 Apr 2020 21:16:35 GMT] GET localhost /alluser/ 200 1745 - 167.244 ms
[Fri, 24 Apr 2020 21:17:49 GMT] DELETE localhost /deleteuser/5e9dafe4d32d851ad4be7d08 200 44 - 1071.236 ms
[Fri, 24 Apr 2020 21:19:10 GMT] DELETE localhost /deleteuser/5e9dafe4d32d851ad4be7d08 200 44 - 17.537 ms
[Fri, 24 Apr 2020 21:19:17 GMT] DELETE localhost /deleteuser/5e9dafe4d32d851ad4be7d08 200 44 - 9.622 ms
[Fri, 24 Apr 2020 21:19:36 GMT] DELETE localhost /deleteuser/5e9dafe4d32d851ad4be7d08 200 44 - 9.947 ms
[Fri, 24 Apr 2020 21:19:51 GMT] GET localhost /alluser/ 200 1745 - 81.470 ms
[Fri, 24 Apr 2020 21:21:07 GMT] DELETE localhost /deleteuser/5e9ad7cf9c5aeb0b3c9c3e15 200 44 - 788.415 ms
[Fri, 24 Apr 2020 21:21:42 GMT] DELETE localhost /deleteuser/5e9f967b4109a71b3ca936bf 200 44 - 17.458 ms
[Fri, 24 Apr 2020 21:22:23 GMT] DELETE localhost /deleteuser/5ea2ea315e4ee613b41341f9 200 44 - 23.623 ms
[Fri, 24 Apr 2020 21:22:55 GMT] DELETE localhost /deleteuser/5ea2ec9e3d37551e6458270e 200 44 - 9.337 ms
[Fri, 24 Apr 2020 21:23:03 GMT] GET localhost /alluser/ 200 408 - 27.607 ms
[Fri, 24 Apr 2020 21:23:47 GMT] DELETE localhost /deleteuser/5ea2f62e9d028b1068cf1551 200 44 - 21.747 ms
[Fri, 24 Apr 2020 21:23:54 GMT] GET localhost /alluser/ 200 10 - 6.283 ms
[Fri, 24 Apr 2020 21:24:10 GMT] POST localhost /signup 200 24 - 350.525 ms
[Fri, 24 Apr 2020 21:31:03 GMT] POST localhost /transferFunds - - - - ms
[Fri, 24 Apr 2020 21:32:35 GMT] GET localhost /alluser/ 200 5257 - 353.950 ms
[Fri, 24 Apr 2020 21:36:45 GMT] DELETE localhost /deleteuser/5ea2f62e9d028b1068cf1551 200 44 - 303.957 ms
[Fri, 24 Apr 2020 21:37:18 GMT] GET localhost /alluser/ 200 5257 - 341.803 ms
[Fri, 24 Apr 2020 21:39:54 GMT] GET localhost /alluser/ 200 5257 - 139.076 ms
[Sat, 25 Apr 2020 02:25:46 GMT] GET localhost /getUsertransctions/ 200 662 - 87.088 ms
[Sat, 25 Apr 2020 02:26:51 GMT] GET localhost /getUserTransctions/ 200 662 - 9.845 ms
[Sat, 25 Apr 2020 02:29:14 GMT] GET localhost /allusers/ 200 662 - 6.259 ms
[Sat, 25 Apr 2020 02:30:22 GMT] GET localhost /alluser/ 200 382 - 2874.683 ms
[Sat, 25 Apr 2020 02:31:34 GMT] GET localhost /getUserTransactions/ 200 5257 - 162.773 ms
[Sat, 25 Apr 2020 02:34:48 GMT] DELETE localhost /deleteTransaction/5ea2f62e9d028b1068cf1551 500 2131 - 36.690 ms
[Sat, 25 Apr 2020 02:39:49 GMT] DELETE localhost /deleteTransaction/5ea2f62e9d028b1068cf1551 200 44 - 332.730 ms
[Sat, 25 Apr 2020 02:40:31 GMT] GET localhost /getUserTransactions/ 200 10 - 99.802 ms
[Sat, 25 Apr 2020 02:44:26 GMT] GET localhost /getUserTransactions/ 200 300 - 274.835 ms
[Sat, 25 Apr 2020 02:51:49 GMT] DELETE localhost /deleteTransaction/5ea3a370c6c2070c0827a256 200 44 - 99.992 ms
[Sat, 25 Apr 2020 02:52:27 GMT] GET localhost /getusers/ 200 662 - 129.537 ms
[Sat, 25 Apr 2020 02:52:46 GMT] GET localhost /getuser/ 200 662 - 18.499 ms
[Sat, 25 Apr 2020 02:53:00 GMT] GET localhost /getusers/ 200 662 - 9.254 ms
[Sat, 25 Apr 2020 02:53:37 GMT] GET localhost /alluser/ 200 382 - 71.561 ms
[Sat, 25 Apr 2020 02:54:05 GMT] DELETE localhost /deleteuser/5ea358faeda8ec14343e8d96 200 44 - 20.897 ms
[Sat, 25 Apr 2020 02:55:10 GMT] POST localhost /signup 500 2179 - 431.049 ms
[Sat, 25 Apr 2020 02:59:22 GMT] POST localhost /signup 200 24 - 4660.494 ms
[Sat, 25 Apr 2020 03:03:19 GMT] DELETE localhost /deleteuser/5ea3a786b056610ec085ac7c 200 44 - 118.530 ms
[Sat, 25 Apr 2020 03:04:11 GMT] DELETE localhost /deleteUserTransaction/5ea3a786b056610ec085ac7d 404 188 - 7.636 ms
[Sat, 25 Apr 2020 03:05:37 GMT] GET localhost /getUserTransactions/ 200 224 - 131.249 ms
[Sat, 25 Apr 2020 03:06:03 GMT] DELETE localhost /deleteTransaction/5ea3a786b056610ec085ac7d 200 44 - 22.580 ms
[Sat, 25 Apr 2020 03:32:01 GMT] POST localhost /signup 200 24 - 542.772 ms
[Sat, 25 Apr 2020 03:33:28 GMT] POST localhost /'save 404 149 - 14.684 ms
[Sat, 25 Apr 2020 03:34:07 GMT] POST localhost /save 200 35 - 193.927 ms
[Sat, 25 Apr 2020 03:35:57 GMT] GET localhost /getUserTransactions/ 200 305 - 117.619 ms
[Sat, 25 Apr 2020 03:46:36 GMT] POST localhost /save 200 34 - 237.774 ms
[Sat, 25 Apr 2020 03:47:09 GMT] GET localhost /getUserTransactions/ 200 309 - 40.247 ms
[Sat, 25 Apr 2020 03:50:39 GMT] GET localhost /getUserTransactions/ 200 309 - 201.790 ms
[Sat, 25 Apr 2020 03:57:01 GMT] POST localhost /transferFunds - - - - ms
[Sat, 25 Apr 2020 03:57:35 GMT] POST localhost /transferFunds 200 17 - 89.177 ms
[Sat, 25 Apr 2020 03:59:11 GMT] GET localhost /getUserTransactions/ 200 387 - 290.929 ms
[Sat, 25 Apr 2020 04:03:01 GMT] POST localhost /transferFunds - - - - ms
[Sat, 25 Apr 2020 04:05:32 GMT] GET localhost /all%20user/ 200 662 - 40.019 ms
[Sat, 25 Apr 2020 04:06:26 GMT] GET localhost /alluser/ 200 408 - 29.302 ms
[Sat, 25 Apr 2020 04:21:31 GMT] GET localhost /getUserTransactions/ 200 387 - 72.622 ms
[Sat, 25 Apr 2020 04:26:36 GMT] GET localhost /alluser/ 200 408 - 137.491 ms
[Sat, 25 Apr 2020 04:39:32 GMT] POST localhost /transferFunds 200 751 - 385.343 ms
[Sat, 25 Apr 2020 04:47:57 GMT] POST localhost /transferFunds 200 751 - 499.353 ms
[Sat, 25 Apr 2020 04:57:36 GMT] POST localhost /transferFunds 200 745 - 198.717 ms
[Sat, 25 Apr 2020 04:59:45 GMT] POST localhost /transferFunds 200 77 - 301.084 ms
[Sat, 25 Apr 2020 05:00:12 GMT] POST localhost /transferFunds 200 22 - 175.032 ms
[Sat, 25 Apr 2020 05:01:57 GMT] POST localhost /transferFunds 200 22 - 480.182 ms
[Sat, 25 Apr 2020 05:02:14 GMT] POST localhost /transferFunds 200 75 - 147.837 ms
[Sat, 25 Apr 2020 05:03:28 GMT] POST localhost /transferFunds 200 57 - 502.849 ms
[Sat, 25 Apr 2020 05:04:18 GMT] GET localhost /alluser/ 200 408 - 70.546 ms
[Sat, 25 Apr 2020 05:04:51 GMT] GET localhost /getUserTransaction/ 200 662 - 51.157 ms
[Sat, 25 Apr 2020 05:05:04 GMT] GET localhost /getUserTransactions/ 200 381 - 21.635 ms
[Sat, 25 Apr 2020 05:11:49 GMT] GET localhost /getUserTransactions/5ea3af31060bdb14c8e5324c 200 381 - 433.884 ms
[Sat, 25 Apr 2020 05:15:40 GMT] GET localhost /balance/5ea3af31060bdb14c8e5324c 200 662 - 84.131 ms
[Sat, 25 Apr 2020 05:16:35 GMT] GET localhost /balance?5ea3af31060bdb14c8e5324c 200 17 - 93.930 ms
[Sat, 25 Apr 2020 05:18:07 GMT] GET localhost /balance?5ea3af31060bdb14c8e5324c 200 17 - 93.449 ms
[Sat, 25 Apr 2020 05:21:02 GMT] GET localhost /balance?5ea3af31060bdb14c8e5324c 200 17 - 127.193 ms
[Sat, 25 Apr 2020 05:22:51 GMT] GET localhost /balance?5ea3af31060bdb14c8e5324c 200 17 - 83.366 ms
[Sat, 25 Apr 2020 05:25:22 GMT] GET localhost /balance?5ea3af31060bdb14c8e5324c 200 17 - 179.089 ms
[Sat, 25 Apr 2020 05:27:34 GMT] GET localhost /balance?Id=5ea3af31060bdb14c8e5324c 200 16 - 241.987 ms
[Sat, 25 Apr 2020 12:09:25 GMT] GET localhost /ecx.css - - - - ms
[Sat, 25 Apr 2020 12:09:25 GMT] GET localhost /ecx.js - - - - ms
[Sat, 25 Apr 2020 12:09:25 GMT] GET localhost /small.css - - - - ms
[Sat, 25 Apr 2020 12:09:30 GMT] GET localhost /img/bubble-bg.png 200 14717 - 281.702 ms
[Sat, 25 Apr 2020 12:09:30 GMT] GET localhost /favicon.ico 200 662 - 162.461 ms
[Sat, 25 Apr 2020 12:39:08 GMT] GET localhost /signup 200 671 - 58.176 ms
[Sat, 25 Apr 2020 12:39:09 GMT] GET localhost /small.css 200 132 - 20.947 ms
[Sat, 25 Apr 2020 12:39:09 GMT] GET localhost /ecx.css 200 754 - 53.284 ms
[Sat, 25 Apr 2020 12:39:09 GMT] GET localhost /favicon.ico 200 671 - 24.835 ms
[Sat, 25 Apr 2020 12:39:09 GMT] GET localhost /img/bubble-bg.png 200 14717 - 101.013 ms
[Sat, 25 Apr 2020 12:46:22 GMT] GET localhost /signup 304 - - 90.910 ms
[Sat, 25 Apr 2020 12:46:22 GMT] GET localhost /ecx.css 304 - - 6.037 ms
[Sat, 25 Apr 2020 12:46:22 GMT] GET localhost /small.css 304 - - 11.693 ms
[Sat, 25 Apr 2020 12:46:22 GMT] GET localhost /img/bubble-bg.png 304 - - 11.451 ms
[Sat, 25 Apr 2020 12:50:50 GMT] GET localhost /signup 200 750 - 65.401 ms
[Sat, 25 Apr 2020 12:50:52 GMT] GET localhost /ecx.css 200 754 - 705.483 ms
[Sat, 25 Apr 2020 12:50:52 GMT] GET localhost /small.css 200 132 - 707.484 ms
[Sat, 25 Apr 2020 12:50:52 GMT] GET localhost /favicon.ico 200 750 - 9.174 ms
[Sat, 25 Apr 2020 12:50:52 GMT] GET localhost /img/bubble-bg.png 200 14717 - 111.855 ms
[Sat, 25 Apr 2020 12:51:52 GMT] GET localhost /favicon.ico 200 750 - 8.095 ms
[Sat, 25 Apr 2020 13:03:54 GMT] GET localhost /alluser 200 546 - 681.383 ms
[Sat, 25 Apr 2020 13:05:01 GMT] DELETE localhost /delete/5e9eff0b305c150c6c312f71 404 173 - 10.866 ms
[Sat, 25 Apr 2020 13:06:15 GMT] DELETE localhost /deleteuser/5e9eff0b305c150c6c312f71 200 44 - 290.937 ms
[Sat, 25 Apr 2020 13:07:28 GMT] DELETE localhost /deleteuser/5e9b580b437487190c7dc0a8 200 44 - 261.770 ms
[Sat, 25 Apr 2020 13:07:35 GMT] DELETE localhost /deleteuser/5e9b580b437487190c7dc0a8 200 44 - 297.119 ms
[Sat, 25 Apr 2020 13:07:57 GMT] POST localhost /signup 200 24 - 3786.013 ms
[Sat, 25 Apr 2020 13:08:22 GMT] POST localhost /login 200 238 - 1186.584 ms
[Sat, 25 Apr 2020 13:09:13 GMT] GET localhost /getuser/5ea4362b6e1f501cfc482e67 200 20 - 6.431 ms
[Sat, 25 Apr 2020 13:10:07 GMT] GET localhost /getuser/5ea4362b6e1f501cfc482e67 200 172 - 322.144 ms
[Sat, 25 Apr 2020 13:11:13 GMT] PUT localhost /updateuser 200 20 - 4.162 ms
[Sat, 25 Apr 2020 13:11:55 GMT] PUT localhost /updateuser 200 40 - 419.483 ms
[Sat, 25 Apr 2020 13:12:30 GMT] GET localhost /logs 200 20597 - 150.267 ms
[Sat, 25 Apr 2020 13:14:25 GMT] POST localhost /save 200 35 - 341.293 ms
[Sat, 25 Apr 2020 13:17:38 GMT] GET localhost /getAllTransactions 200 305 - 287.527 ms
[Sat, 25 Apr 2020 13:19:25 GMT] POST localhost /transferFunds 200 17 - 5726.519 ms
[Sat, 25 Apr 2020 13:21:40 GMT] POST localhost /transferFunds 200 17 - 19.583 ms
[Sat, 25 Apr 2020 13:24:11 GMT] POST localhost /transferFunds 200 17 - 13.676 ms
[Sat, 25 Apr 2020 13:24:39 GMT] POST localhost /save 200 35 - 2952.985 ms
[Sat, 25 Apr 2020 13:25:21 GMT] GET localhost /getAllTransactions 200 311 - 325.928 ms
[Sat, 25 Apr 2020 13:25:37 GMT] POST localhost /transferFunds 200 60 - 757.517 ms
[Sat, 25 Apr 2020 13:26:18 GMT] POST localhost /balance/5ea4362b6e1f501cfc482e68 404 172 - 1.881 ms
[Sat, 25 Apr 2020 13:27:01 GMT] GET localhost /balance/5ea4362b6e1f501cfc482e68 200 750 - 150.722 ms
[Sat, 25 Apr 2020 13:27:34 GMT] GET localhost /balance/Id=5ea4362b6e1f501cfc482e68 200 750 - 35.448 ms
[Sat, 25 Apr 2020 13:28:09 GMT] GET localhost /balance?Id=5ea4362b6e1f501cfc482e68 200 16 - 244.050 ms
